Determining if the pthread_create exist failed with the following output:
Change Dir: /root/test_server/build/CMakeFiles/CMakeTmp

Run Build Command:"/usr/bin/make" "cmTC_f9fa6/fast"
/usr/bin/make -f CMakeFiles/cmTC_f9fa6.dir/build.make CMakeFiles/cmTC_f9fa6.dir/build
make[1]: Entering directory '/root/test_server/build/CMakeFiles/CMakeTmp'
Building C object CMakeFiles/cmTC_f9fa6.dir/CheckSymbolExists.c.o
/usr/bin/cc     -o CMakeFiles/cmTC_f9fa6.dir/CheckSymbolExists.c.o   -c /root/test_server/build/CMakeFiles/CMakeTmp/CheckSymbolExists.c
Linking C executable cmTC_f9fa6
/usr/bin/cmake -E cmake_link_script CMakeFiles/cmTC_f9fa6.dir/link.txt --verbose=1
/usr/bin/cc       CMakeFiles/cmTC_f9fa6.dir/CheckSymbolExists.c.o  -o cmTC_f9fa6 
CMakeFiles/cmTC_f9fa6.dir/CheckSymbolExists.c.o: In function `main':
CheckSymbolExists.c:(.text+0xe): undefined reference to `pthread_create'
CheckSymbolExists.c:(.text+0x12): undefined reference to `pthread_create'
collect2: error: ld returned 1 exit status
CMakeFiles/cmTC_f9fa6.dir/build.make:97: recipe for target 'cmTC_f9fa6' failed
make[1]: *** [cmTC_f9fa6] Error 1
make[1]: Leaving directory '/root/test_server/build/CMakeFiles/CMakeTmp'
Makefile:126: recipe for target 'cmTC_f9fa6/fast' failed
make: *** [cmTC_f9fa6/fast] Error 2

File /root/test_server/build/CMakeFiles/CMakeTmp/CheckSymbolExists.c:
/* */
#include <pthread.h>

int main(int argc, char** argv)
{
  (void)argv;
#ifndef pthread_create
  return ((int*)(&pthread_create))[argc];
#else
  (void)argc;
  return 0;
#endif
}

Determining if the function pthread_create exists in the pthreads failed with the following output:
Change Dir: /root/test_server/build/CMakeFiles/CMakeTmp

Run Build Command:"/usr/bin/make" "cmTC_425f6/fast"
/usr/bin/make -f CMakeFiles/cmTC_425f6.dir/build.make CMakeFiles/cmTC_425f6.dir/build
make[1]: Entering directory '/root/test_server/build/CMakeFiles/CMakeTmp'
Building C object CMakeFiles/cmTC_425f6.dir/CheckFunctionExists.c.o
/usr/bin/cc    -DCHECK_FUNCTION_EXISTS=pthread_create   -o CMakeFiles/cmTC_425f6.dir/CheckFunctionExists.c.o   -c /usr/share/cmake-3.5/Modules/CheckFunctionExists.c
Linking C executable cmTC_425f6
/usr/bin/cmake -E cmake_link_script CMakeFiles/cmTC_425f6.dir/link.txt --verbose=1
/usr/bin/cc   -DCHECK_FUNCTION_EXISTS=pthread_create    CMakeFiles/cmTC_425f6.dir/CheckFunctionExists.c.o  -o cmTC_425f6 -lpthreads 
/usr/bin/ld: cannot find -lpthreads
collect2: error: ld returned 1 exit status
CMakeFiles/cmTC_425f6.dir/build.make:97: recipe for target 'cmTC_425f6' failed
make[1]: *** [cmTC_425f6] Error 1
make[1]: Leaving directory '/root/test_server/build/CMakeFiles/CMakeTmp'
Makefile:126: recipe for target 'cmTC_425f6/fast' failed
make: *** [cmTC_425f6/fast] Error 2


